/burg-archive/home/phr2114/.conda/envs/nqs/lib/python3.9/site-packages/flax/struct.py:132: FutureWarning: jax.tree_util.register_keypaths is deprecated, and will be removed in a future release. Please use `register_pytree_with_keys()` instead.
  jax.tree_util.register_keypaths(data_clz, keypaths)
/burg-archive/home/phr2114/.conda/envs/nqs/lib/python3.9/site-packages/flax/struct.py:132: FutureWarning: jax.tree_util.register_keypaths is deprecated, and will be removed in a future release. Please use `register_pytree_with_keys()` instead.
  jax.tree_util.register_keypaths(data_clz, keypaths)
2025-08-12 12:07:12.224119: E external/xla/xla/stream_executor/cuda/cuda_driver.cc:268] failed call to cuInit: CUDA_ERROR_NO_DEVICE: no CUDA-capable device is detected
No GPU/TPU found, falling back to CPU. (Set TF_CPP_MIN_LOG_LEVEL=0 and rerun for more info.)
/burg/ccce/users/phr2114/vmc/qc.py:264: UserWarning: Explicitly requested dtype <class 'jax.numpy.complex128'> requested in zeros is not available, and will be truncated to dtype complex64. To enable more dtypes, set the jax_enable_x64 configuration option or the JAX_ENABLE_X64 shell environment variable. See https://github.com/google/jax#current-gotchas for more.
  unitary = jnp.zeros((numkPoints, numkPoints), dtype=jnp.complex128)
/burg/ccce/users/phr2114/vmc/qc.py:264: UserWarning: Explicitly requested dtype <class 'jax.numpy.complex128'> requested in zeros is not available, and will be truncated to dtype complex64. To enable more dtypes, set the jax_enable_x64 configuration option or the JAX_ENABLE_X64 shell environment variable. See https://github.com/google/jax#current-gotchas for more.
  unitary = jnp.zeros((numkPoints, numkPoints), dtype=jnp.complex128)
/burg-archive/home/phr2114/.conda/envs/nqs/lib/python3.9/site-packages/pyscf/gto/mole.py:1300: UserWarning: Function mol.dumps drops attribute energy_nuc because it is not JSON-serializable
  warnings.warn(msg)
ENERGY: -0.1634611671733764
ENERGY: -0.16346115154366694
ENERGY: -0.16346096904394486
ENERGY: -0.16346122599329926
ENERGY: -0.16346125707495196
ENERGY: -0.1634610874319428
ENERGY: -0.1634601868582305
ENERGY: -0.16346119704988216
ENERGY: -0.16346110359515087
ENERGY: -0.1634610557847736
ENERGY: -0.16346112241450897
ENERGY: -0.16346118499994555
ENERGY: -0.16346118968863152
ENERGY: -0.16346114312275223
ENERGY: -0.16346122946976085
ENERGY: -0.16346085590735968
ENERGY: -0.16346114745513232
ENERGY: -0.16346120071917883
ENERGY: -0.1634612450867028
ENERGY: -0.16346109591205527
