/burg-archive/home/phr2114/.conda/envs/nqs/lib/python3.9/site-packages/flax/struct.py:132: FutureWarning: jax.tree_util.register_keypaths is deprecated, and will be removed in a future release. Please use `register_pytree_with_keys()` instead.
  jax.tree_util.register_keypaths(data_clz, keypaths)
/burg-archive/home/phr2114/.conda/envs/nqs/lib/python3.9/site-packages/flax/struct.py:132: FutureWarning: jax.tree_util.register_keypaths is deprecated, and will be removed in a future release. Please use `register_pytree_with_keys()` instead.
  jax.tree_util.register_keypaths(data_clz, keypaths)
2025-08-24 20:36:05.822925: E external/xla/xla/stream_executor/cuda/cuda_driver.cc:268] failed call to cuInit: CUDA_ERROR_NO_DEVICE: no CUDA-capable device is detected
No GPU/TPU found, falling back to CPU. (Set TF_CPP_MIN_LOG_LEVEL=0 and rerun for more info.)
/burg/ccce/users/phr2114/vmc/qc.py:264: UserWarning: Explicitly requested dtype <class 'jax.numpy.complex128'> requested in zeros is not available, and will be truncated to dtype complex64. To enable more dtypes, set the jax_enable_x64 configuration option or the JAX_ENABLE_X64 shell environment variable. See https://github.com/google/jax#current-gotchas for more.
  unitary = jnp.zeros((numkPoints, numkPoints), dtype=jnp.complex128)
/burg/ccce/users/phr2114/vmc/qc.py:264: UserWarning: Explicitly requested dtype <class 'jax.numpy.complex128'> requested in zeros is not available, and will be truncated to dtype complex64. To enable more dtypes, set the jax_enable_x64 configuration option or the JAX_ENABLE_X64 shell environment variable. See https://github.com/google/jax#current-gotchas for more.
  unitary = jnp.zeros((numkPoints, numkPoints), dtype=jnp.complex128)
Overwritten attributes  get_ovlp get_hcore  of <class 'pyscf.scf.hf.RHF'>
/burg-archive/home/phr2114/.conda/envs/nqs/lib/python3.9/site-packages/pyscf/gto/mole.py:1300: UserWarning: Function mol.dumps drops attribute energy_nuc because it is not JSON-serializable
  warnings.warn(msg)
Traceback (most recent call last):
  File "/burg-archive/ccce/users/phr2114/vmc/rhf/N14_rs110/run_rhf.py", line 44, in <module>
    energy = mf.kernel()
  File "<string>", line 2, in kernel
  File "/burg-archive/home/phr2114/.conda/envs/nqs/lib/python3.9/site-packages/pyscf/scf/hf.py", line 2016, in scf
    kernel(self, self.conv_tol, self.conv_tol_grad,
  File "/burg-archive/home/phr2114/.conda/envs/nqs/lib/python3.9/site-packages/pyscf/scf/hf.py", line 175, in kernel
    fock = mf.get_fock(h1e, s1e, vhf, dm, cycle, mf_diis, fock_last=fock_last)
  File "/burg-archive/home/phr2114/.conda/envs/nqs/lib/python3.9/site-packages/pyscf/scf/hf.py", line 1120, in get_fock
    f = diis.update(s1e, dm, f, mf, h1e, vhf, f_prev=fock_last)
  File "/burg-archive/home/phr2114/.conda/envs/nqs/lib/python3.9/site-packages/pyscf/scf/diis.py", line 49, in update
    errvec = get_err_vec(s, d, f, self.Corth)
  File "/burg-archive/home/phr2114/.conda/envs/nqs/lib/python3.9/site-packages/pyscf/scf/diis.py", line 123, in get_err_vec
    return get_err_vec_orth(s, d, f, Corth)
  File "/burg-archive/home/phr2114/.conda/envs/nqs/lib/python3.9/site-packages/pyscf/scf/diis.py", line 116, in get_err_vec_orth
    raise RuntimeError('Unknown SCF DIIS type')
RuntimeError: Unknown SCF DIIS type
