/burg-archive/home/phr2114/.conda/envs/nqs/lib/python3.9/site-packages/flax/struct.py:132: FutureWarning: jax.tree_util.register_keypaths is deprecated, and will be removed in a future release. Please use `register_pytree_with_keys()` instead.
  jax.tree_util.register_keypaths(data_clz, keypaths)
/burg-archive/home/phr2114/.conda/envs/nqs/lib/python3.9/site-packages/flax/struct.py:132: FutureWarning: jax.tree_util.register_keypaths is deprecated, and will be removed in a future release. Please use `register_pytree_with_keys()` instead.
  jax.tree_util.register_keypaths(data_clz, keypaths)
2025-08-12 12:05:47.475744: E external/xla/xla/stream_executor/cuda/cuda_driver.cc:268] failed call to cuInit: CUDA_ERROR_NO_DEVICE: no CUDA-capable device is detected
No GPU/TPU found, falling back to CPU. (Set TF_CPP_MIN_LOG_LEVEL=0 and rerun for more info.)
/burg/ccce/users/phr2114/vmc/qc.py:264: UserWarning: Explicitly requested dtype <class 'jax.numpy.complex128'> requested in zeros is not available, and will be truncated to dtype complex64. To enable more dtypes, set the jax_enable_x64 configuration option or the JAX_ENABLE_X64 shell environment variable. See https://github.com/google/jax#current-gotchas for more.
  unitary = jnp.zeros((numkPoints, numkPoints), dtype=jnp.complex128)
/burg/ccce/users/phr2114/vmc/qc.py:264: UserWarning: Explicitly requested dtype <class 'jax.numpy.complex128'> requested in zeros is not available, and will be truncated to dtype complex64. To enable more dtypes, set the jax_enable_x64 configuration option or the JAX_ENABLE_X64 shell environment variable. See https://github.com/google/jax#current-gotchas for more.
  unitary = jnp.zeros((numkPoints, numkPoints), dtype=jnp.complex128)
/burg-archive/home/phr2114/.conda/envs/nqs/lib/python3.9/site-packages/pyscf/gto/mole.py:1300: UserWarning: Function mol.dumps drops attribute energy_nuc because it is not JSON-serializable
  warnings.warn(msg)
ENERGY: -0.6014481155372008
ENERGY: -0.6014481156488074
ENERGY: -0.6014481155917938
ENERGY: -0.6014481154630118
ENERGY: -0.601448115495923
ENERGY: -0.6014481153346689
ENERGY: -0.6014481156321243
ENERGY: -0.6014481153751887
ENERGY: -0.6014481155697842
ENERGY: -0.601448115674366
ENERGY: -0.6014481157646714
ENERGY: -0.6014481155060434
ENERGY: -0.6014481153803356
ENERGY: -0.6014481154025156
ENERGY: -0.6014481152905591
ENERGY: -0.6014481153335705
ENERGY: -0.6014481152604897
ENERGY: -0.601448115529523
ENERGY: -0.601448115273148
ENERGY: -0.6014481154731031
