/burg-archive/home/phr2114/.conda/envs/nqs/lib/python3.9/site-packages/flax/struct.py:132: FutureWarning: jax.tree_util.register_keypaths is deprecated, and will be removed in a future release. Please use `register_pytree_with_keys()` instead.
  jax.tree_util.register_keypaths(data_clz, keypaths)
/burg-archive/home/phr2114/.conda/envs/nqs/lib/python3.9/site-packages/flax/struct.py:132: FutureWarning: jax.tree_util.register_keypaths is deprecated, and will be removed in a future release. Please use `register_pytree_with_keys()` instead.
  jax.tree_util.register_keypaths(data_clz, keypaths)
2025-08-12 12:07:12.224127: E external/xla/xla/stream_executor/cuda/cuda_driver.cc:268] failed call to cuInit: CUDA_ERROR_NO_DEVICE: no CUDA-capable device is detected
No GPU/TPU found, falling back to CPU. (Set TF_CPP_MIN_LOG_LEVEL=0 and rerun for more info.)
/burg/ccce/users/phr2114/vmc/qc.py:264: UserWarning: Explicitly requested dtype <class 'jax.numpy.complex128'> requested in zeros is not available, and will be truncated to dtype complex64. To enable more dtypes, set the jax_enable_x64 configuration option or the JAX_ENABLE_X64 shell environment variable. See https://github.com/google/jax#current-gotchas for more.
  unitary = jnp.zeros((numkPoints, numkPoints), dtype=jnp.complex128)
/burg/ccce/users/phr2114/vmc/qc.py:264: UserWarning: Explicitly requested dtype <class 'jax.numpy.complex128'> requested in zeros is not available, and will be truncated to dtype complex64. To enable more dtypes, set the jax_enable_x64 configuration option or the JAX_ENABLE_X64 shell environment variable. See https://github.com/google/jax#current-gotchas for more.
  unitary = jnp.zeros((numkPoints, numkPoints), dtype=jnp.complex128)
/burg-archive/home/phr2114/.conda/envs/nqs/lib/python3.9/site-packages/pyscf/gto/mole.py:1300: UserWarning: Function mol.dumps drops attribute energy_nuc because it is not JSON-serializable
  warnings.warn(msg)
ENERGY: -0.08461108759335143
ENERGY: -0.08461113367411914
ENERGY: -0.08461164529353063
ENERGY: -0.08461162912945555
ENERGY: -0.08461163734578253
ENERGY: -0.08461108791429992
ENERGY: -0.08461087914208308
ENERGY: -0.08493693352682538
ENERGY: -0.08461114454391486
ENERGY: -0.08461147682853291
ENERGY: -0.08461160423514258
ENERGY: -0.08461127611074602
ENERGY: -0.08461173927287
ENERGY: -0.08461153837959538
ENERGY: -0.08461023869326639
ENERGY: -0.08461168768009587
ENERGY: -0.08461161513656353
ENERGY: -0.08461154772424381
ENERGY: -0.08461141105496639
ENERGY: -0.084611294441532
