/burg-archive/home/phr2114/.conda/envs/nqs/lib/python3.9/site-packages/flax/struct.py:132: FutureWarning: jax.tree_util.register_keypaths is deprecated, and will be removed in a future release. Please use `register_pytree_with_keys()` instead.
  jax.tree_util.register_keypaths(data_clz, keypaths)
/burg-archive/home/phr2114/.conda/envs/nqs/lib/python3.9/site-packages/flax/struct.py:132: FutureWarning: jax.tree_util.register_keypaths is deprecated, and will be removed in a future release. Please use `register_pytree_with_keys()` instead.
  jax.tree_util.register_keypaths(data_clz, keypaths)
2025-08-22 17:52:47.799497: E external/xla/xla/stream_executor/cuda/cuda_driver.cc:268] failed call to cuInit: CUDA_ERROR_NO_DEVICE: no CUDA-capable device is detected
No GPU/TPU found, falling back to CPU. (Set TF_CPP_MIN_LOG_LEVEL=0 and rerun for more info.)
/burg/ccce/users/phr2114/vmc/qc.py:264: UserWarning: Explicitly requested dtype <class 'jax.numpy.complex128'> requested in zeros is not available, and will be truncated to dtype complex64. To enable more dtypes, set the jax_enable_x64 configuration option or the JAX_ENABLE_X64 shell environment variable. See https://github.com/google/jax#current-gotchas for more.
  unitary = jnp.zeros((numkPoints, numkPoints), dtype=jnp.complex128)
/burg/ccce/users/phr2114/vmc/qc.py:264: UserWarning: Explicitly requested dtype <class 'jax.numpy.complex128'> requested in zeros is not available, and will be truncated to dtype complex64. To enable more dtypes, set the jax_enable_x64 configuration option or the JAX_ENABLE_X64 shell environment variable. See https://github.com/google/jax#current-gotchas for more.
  unitary = jnp.zeros((numkPoints, numkPoints), dtype=jnp.complex128)
/burg-archive/home/phr2114/.conda/envs/nqs/lib/python3.9/site-packages/pyscf/gto/mole.py:1300: UserWarning: Function mol.dumps drops attribute energy_nuc because it is not JSON-serializable
  warnings.warn(msg)
ENERGY: -0.3237427083077231
ENERGY: -0.32382390449331033
ENERGY: -0.32408141967497284
ENERGY: -0.3239963424174572
ENERGY: -0.3238864712622653
ENERGY: -0.3238855056524398
ENERGY: -0.3240421395477058
ENERGY: -0.3233901521204648
ENERGY: -0.32379854949822856
ENERGY: -0.32408157584350505
ENERGY: -0.3238535870752027
ENERGY: -0.3240816088435703
ENERGY: -0.32381077713898193
ENERGY: -0.32379665538885005
ENERGY: -0.32367261231884936
ENERGY: -0.3237756293453527
ENERGY: -0.32374427378833803
ENERGY: -0.32374688697239246
ENERGY: -0.3239439488178929
ENERGY: -0.3238231823759443
